{"timestamp":"1588697975261","level":"INFO","thread":"main","logger":"com.example.EventServiceApplication","message":"Starting EventServiceApplication on hitesh-Inspiron-N5110 with PID 14781 (/home/hitesh/IdeaProjects/distributed-logging-poc/event-service/target/classes started by hitesh in /home/hitesh/IdeaProjects/distributed-logging-poc)","context":"default"}
{"timestamp":"1588697975289","level":"INFO","thread":"main","logger":"com.example.EventServiceApplication","message":"No active profile set, falling back to default profiles: default","context":"default"}
{"timestamp":"1588697976816","level":"INFO","thread":"main","logger":"org.springframework.boot.web.embedded.tomcat.TomcatWebServer","message":"Tomcat initialized with port(s): 8080 (http)","context":"default"}
{"timestamp":"1588697976834","level":"INFO","thread":"main","logger":"org.apache.coyote.http11.Http11NioProtocol","message":"Initializing ProtocolHandler [\"http-nio-8080\"]","context":"default"}
{"timestamp":"1588697976835","level":"INFO","thread":"main","logger":"org.apache.catalina.core.StandardService","message":"Starting service [Tomcat]","context":"default"}
{"timestamp":"1588697976835","level":"INFO","thread":"main","logger":"org.apache.catalina.core.StandardEngine","message":"Starting Servlet engine: [Apache Tomcat/9.0.27]","context":"default"}
{"timestamp":"1588697976947","level":"INFO","thread":"main","logger":"org.apache.catalina.core.ContainerBase.[Tomcat].[localhost].[/]","message":"Initializing Spring embedded WebApplicationContext","context":"default"}
{"timestamp":"1588697976948","level":"INFO","thread":"main","logger":"org.springframework.web.context.ContextLoader","message":"Root WebApplicationContext: initialization completed in 1561 ms","context":"default"}
{"timestamp":"1588697977195","level":"INFO","thread":"main","logger":"org.springframework.scheduling.concurrent.ThreadPoolTaskExecutor","message":"Initializing ExecutorService 'applicationTaskExecutor'","context":"default"}
{"timestamp":"1588697977379","level":"INFO","thread":"main","logger":"org.apache.coyote.http11.Http11NioProtocol","message":"Starting ProtocolHandler [\"http-nio-8080\"]","context":"default"}
{"timestamp":"1588697977402","level":"INFO","thread":"main","logger":"org.springframework.boot.web.embedded.tomcat.TomcatWebServer","message":"Tomcat started on port(s): 8080 (http) with context path ''","context":"default"}
{"timestamp":"1588697977408","level":"INFO","thread":"main","logger":"com.example.EventServiceApplication","message":"Started EventServiceApplication in 3.618 seconds (JVM running for 4.514)","context":"default"}
{"timestamp":"1588698061286","level":"INFO","thread":"SpringContextShutdownHook","logger":"org.springframework.scheduling.concurrent.ThreadPoolTaskExecutor","message":"Shutting down ExecutorService 'applicationTaskExecutor'","context":"default"}
{"timestamp":"1588698102505","level":"INFO","thread":"main","logger":"com.example.EventServiceApplication","message":"Starting EventServiceApplication on hitesh-Inspiron-N5110 with PID 14951 (/home/hitesh/IdeaProjects/distributed-logging-poc/event-service/target/classes started by hitesh in /home/hitesh/IdeaProjects/distributed-logging-poc)","context":"default"}
{"timestamp":"1588698102536","level":"INFO","thread":"main","logger":"com.example.EventServiceApplication","message":"No active profile set, falling back to default profiles: default","context":"default"}
{"timestamp":"1588698104138","level":"INFO","thread":"main","logger":"org.springframework.boot.web.embedded.tomcat.TomcatWebServer","message":"Tomcat initialized with port(s): 8080 (http)","context":"default"}
{"timestamp":"1588698104153","level":"INFO","thread":"main","logger":"org.apache.coyote.http11.Http11NioProtocol","message":"Initializing ProtocolHandler [\"http-nio-8080\"]","context":"default"}
{"timestamp":"1588698104153","level":"INFO","thread":"main","logger":"org.apache.catalina.core.StandardService","message":"Starting service [Tomcat]","context":"default"}
{"timestamp":"1588698104153","level":"INFO","thread":"main","logger":"org.apache.catalina.core.StandardEngine","message":"Starting Servlet engine: [Apache Tomcat/9.0.27]","context":"default"}
{"timestamp":"1588698104271","level":"INFO","thread":"main","logger":"org.apache.catalina.core.ContainerBase.[Tomcat].[localhost].[/]","message":"Initializing Spring embedded WebApplicationContext","context":"default"}
{"timestamp":"1588698104271","level":"INFO","thread":"main","logger":"org.springframework.web.context.ContextLoader","message":"Root WebApplicationContext: initialization completed in 1627 ms","context":"default"}
{"timestamp":"1588698104553","level":"INFO","thread":"main","logger":"org.springframework.scheduling.concurrent.ThreadPoolTaskExecutor","message":"Initializing ExecutorService 'applicationTaskExecutor'","context":"default"}
{"timestamp":"1588698104736","level":"INFO","thread":"main","logger":"org.apache.coyote.http11.Http11NioProtocol","message":"Starting ProtocolHandler [\"http-nio-8080\"]","context":"default"}
{"timestamp":"1588698104762","level":"INFO","thread":"main","logger":"org.springframework.boot.web.embedded.tomcat.TomcatWebServer","message":"Tomcat started on port(s): 8080 (http) with context path ''","context":"default"}
{"timestamp":"1588698104769","level":"INFO","thread":"main","logger":"com.example.EventServiceApplication","message":"Started EventServiceApplication in 3.62 seconds (JVM running for 4.428)","context":"default"}
{"timestamp":"1588701208198","level":"INFO","thread":"SpringContextShutdownHook","logger":"org.springframework.scheduling.concurrent.ThreadPoolTaskExecutor","message":"Shutting down ExecutorService 'applicationTaskExecutor'","context":"default"}
