{"timestamp":"1588701408399","level":"INFO","thread":"main","logger":"com.example.EventListenerApplication","message":"No active profile set, falling back to default profiles: default","context":"default"}
{"timestamp":"1588701409136","level":"INFO","thread":"main","logger":"org.springframework.cloud.context.scope.GenericScope","message":"BeanFactory id=ccd27d20-356d-37b8-a840-a703d05b6db8","context":"default"}
{"timestamp":"1588701409606","level":"INFO","thread":"main","logger":"org.springframework.boot.web.embedded.tomcat.TomcatWebServer","message":"Tomcat initialized with port(s): 9090 (http)","context":"default"}
{"timestamp":"1588701409621","level":"INFO","thread":"main","logger":"org.apache.coyote.http11.Http11NioProtocol","message":"Initializing ProtocolHandler [\"http-nio-9090\"]","context":"default"}
{"timestamp":"1588701409622","level":"INFO","thread":"main","logger":"org.apache.catalina.core.StandardService","message":"Starting service [Tomcat]","context":"default"}
{"timestamp":"1588701409622","level":"INFO","thread":"main","logger":"org.apache.catalina.core.StandardEngine","message":"Starting Servlet engine: [Apache Tomcat/9.0.27]","context":"default"}
{"timestamp":"1588701409745","level":"INFO","thread":"main","logger":"org.apache.catalina.core.ContainerBase.[Tomcat].[localhost].[/]","message":"Initializing Spring embedded WebApplicationContext","context":"default"}
{"timestamp":"1588701409745","level":"INFO","thread":"main","logger":"org.springframework.web.context.ContextLoader","message":"Root WebApplicationContext: initialization completed in 1292 ms","context":"default"}
{"timestamp":"1588701409941","level":"WARN","thread":"main","logger":"org.springframework.cloud.netflix.archaius.ArchaiusAutoConfiguration","message":"No spring.application.name found, defaulting to 'application'","context":"default"}
{"timestamp":"1588701409945","level":"WARN","thread":"main","logger":"com.netflix.config.sources.URLConfigurationSource","message":"No URLs will be polled as dynamic configuration sources.","context":"default"}
{"timestamp":"1588701409945","level":"INFO","thread":"main","logger":"com.netflix.config.sources.URLConfigurationSource","message":"To enable URLs as dynamic configuration sources, define System property archaius.configurationSource.additionalUrls or make config.properties available on classpath.","context":"default"}
{"timestamp":"1588701409952","level":"WARN","thread":"main","logger":"com.netflix.config.sources.URLConfigurationSource","message":"No URLs will be polled as dynamic configuration sources.","context":"default"}
{"timestamp":"1588701409952","level":"INFO","thread":"main","logger":"com.netflix.config.sources.URLConfigurationSource","message":"To enable URLs as dynamic configuration sources, define System property archaius.configurationSource.additionalUrls or make config.properties available on classpath.","context":"default"}
{"timestamp":"1588701410102","level":"INFO","thread":"main","logger":"org.springframework.scheduling.concurrent.ThreadPoolTaskExecutor","message":"Initializing ExecutorService 'applicationTaskExecutor'","context":"default"}
{"timestamp":"1588701411292","level":"INFO","thread":"main","logger":"org.springframework.cloud.commons.util.InetUtils","message":"Cannot determine local hostname","context":"default"}
{"timestamp":"1588701412299","level":"INFO","thread":"main","logger":"org.springframework.cloud.commons.util.InetUtils","message":"Cannot determine local hostname","context":"default"}
{"timestamp":"1588701412350","level":"INFO","thread":"main","logger":"org.apache.coyote.http11.Http11NioProtocol","message":"Starting ProtocolHandler [\"http-nio-9090\"]","context":"default"}
{"timestamp":"1588701412379","level":"INFO","thread":"main","logger":"org.springframework.boot.web.embedded.tomcat.TomcatWebServer","message":"Tomcat started on port(s): 9090 (http) with context path ''","context":"default"}
{"timestamp":"1588701412838","level":"INFO","thread":"main","logger":"com.example.EventListenerApplication","message":"Started EventListenerApplication in 7.654 seconds (JVM running for 8.516)","context":"default"}
{"timestamp":"1588701720100","level":"INFO","thread":"http-nio-9090-exec-1","logger":"org.apache.catalina.core.ContainerBase.[Tomcat].[localhost].[/]","message":"Initializing Spring DispatcherServlet 'dispatcherServlet'","context":"default"}
{"timestamp":"1588701720127","level":"INFO","thread":"http-nio-9090-exec-1","logger":"org.springframework.web.servlet.DispatcherServlet","message":"Initializing Servlet 'dispatcherServlet'","context":"default"}
{"timestamp":"1588701720174","level":"INFO","thread":"http-nio-9090-exec-1","logger":"org.springframework.web.servlet.DispatcherServlet","message":"Completed initialization in 47 ms","context":"default"}
{"timestamp":"1588701800284","level":"INFO","thread":"SpringContextShutdownHook","logger":"org.springframework.scheduling.concurrent.ThreadPoolTaskExecutor","message":"Shutting down ExecutorService 'applicationTaskExecutor'","context":"default"}
{"timestamp":"1588701815585","level":"INFO","thread":"main","logger":"com.example.EventListenerApplication","message":"No active profile set, falling back to default profiles: default","context":"default"}
{"timestamp":"1588701817768","level":"INFO","thread":"main","logger":"org.springframework.cloud.context.scope.GenericScope","message":"BeanFactory id=ccd27d20-356d-37b8-a840-a703d05b6db8","context":"default"}
{"timestamp":"1588701818934","level":"INFO","thread":"main","logger":"org.springframework.boot.web.embedded.tomcat.TomcatWebServer","message":"Tomcat initialized with port(s): 9090 (http)","context":"default"}
{"timestamp":"1588701818949","level":"INFO","thread":"main","logger":"org.apache.coyote.http11.Http11NioProtocol","message":"Initializing ProtocolHandler [\"http-nio-9090\"]","context":"default"}
{"timestamp":"1588701818950","level":"INFO","thread":"main","logger":"org.apache.catalina.core.StandardService","message":"Starting service [Tomcat]","context":"default"}
{"timestamp":"1588701818950","level":"INFO","thread":"main","logger":"org.apache.catalina.core.StandardEngine","message":"Starting Servlet engine: [Apache Tomcat/9.0.27]","context":"default"}
{"timestamp":"1588701819149","level":"INFO","thread":"main","logger":"org.apache.catalina.core.ContainerBase.[Tomcat].[localhost].[/]","message":"Initializing Spring embedded WebApplicationContext","context":"default"}
{"timestamp":"1588701819149","level":"INFO","thread":"main","logger":"org.springframework.web.context.ContextLoader","message":"Root WebApplicationContext: initialization completed in 3482 ms","context":"default"}
{"timestamp":"1588701819422","level":"WARN","thread":"main","logger":"org.springframework.cloud.netflix.archaius.ArchaiusAutoConfiguration","message":"No spring.application.name found, defaulting to 'application'","context":"default"}
{"timestamp":"1588701819442","level":"WARN","thread":"main","logger":"com.netflix.config.sources.URLConfigurationSource","message":"No URLs will be polled as dynamic configuration sources.","context":"default"}
{"timestamp":"1588701819442","level":"INFO","thread":"main","logger":"com.netflix.config.sources.URLConfigurationSource","message":"To enable URLs as dynamic configuration sources, define System property archaius.configurationSource.additionalUrls or make config.properties available on classpath.","context":"default"}
{"timestamp":"1588701819452","level":"WARN","thread":"main","logger":"com.netflix.config.sources.URLConfigurationSource","message":"No URLs will be polled as dynamic configuration sources.","context":"default"}
{"timestamp":"1588701819452","level":"INFO","thread":"main","logger":"com.netflix.config.sources.URLConfigurationSource","message":"To enable URLs as dynamic configuration sources, define System property archaius.configurationSource.additionalUrls or make config.properties available on classpath.","context":"default"}
{"timestamp":"1588701819636","level":"INFO","thread":"main","logger":"org.springframework.scheduling.concurrent.ThreadPoolTaskExecutor","message":"Initializing ExecutorService 'applicationTaskExecutor'","context":"default"}
{"timestamp":"1588701819905","level":"INFO","thread":"main","logger":"org.apache.coyote.http11.Http11NioProtocol","message":"Starting ProtocolHandler [\"http-nio-9090\"]","context":"default"}
{"timestamp":"1588701819929","level":"INFO","thread":"main","logger":"org.springframework.boot.web.embedded.tomcat.TomcatWebServer","message":"Tomcat started on port(s): 9090 (http) with context path ''","context":"default"}
{"timestamp":"1588701819935","level":"INFO","thread":"main","logger":"com.example.EventListenerApplication","message":"Started EventListenerApplication in 8.571 seconds (JVM running for 10.675)","context":"default"}
{"timestamp":"1588701824453","level":"INFO","thread":"http-nio-9090-exec-1","logger":"org.apache.catalina.core.ContainerBase.[Tomcat].[localhost].[/]","message":"Initializing Spring DispatcherServlet 'dispatcherServlet'","context":"default"}
{"timestamp":"1588701824454","level":"INFO","thread":"http-nio-9090-exec-1","logger":"org.springframework.web.servlet.DispatcherServlet","message":"Initializing Servlet 'dispatcherServlet'","context":"default"}
{"timestamp":"1588701824465","level":"INFO","thread":"http-nio-9090-exec-1","logger":"org.springframework.web.servlet.DispatcherServlet","message":"Completed initialization in 11 ms","context":"default"}
